1
D: 4681 1134 1309 4064 3201 4722 * 3170 3316 * * * * * 874 37 * * * * 2780 2233 * * 250 389 * 4427 4439 * * 0 1380 * * * 4277 * 2500 * 1413 2252 4699 2794 * 2993 * * 4729 2274 141
P: 32 32 32 32 32 32 32 32 32 32 32 32 32 32 32 32 32 32 32 32 32 32 32 32 32 32 32 32 32 32 32 32 32 32 32 32 32 32 32 32 32 32 32 32 32 32 32 32 32 32 32
2
D: 250 1021 1309 3075 2836 4722 4149 3170 3316 * * * 4268 * 874 37 4330 415 * 3382 1948 2233 1251 4543 250 389 * 4427 3098 2155 3438 0 1380 * 4524 * 4277 * 2500 1365 175 2252 1893 2794 * 2993 * 4492 4729 2207 141
P: 16 16 32 16 16 32 16 32 32 32 32 32 16 32 32 32 16 16 32 16 16 32 16 16 32 32 32 32 16 16 16 32 32 32 16 32 32 32 32 16 16 32 16 32 32 32 32 16 32 16 32
3
D: 250 1021 1309 3075 2836 4722 2974 3170 3316 * 3067 * 724 * 874 37 4330 415 * 3382 549 2233 778 4543 250 389 * 181 3098 2155 3438 0 1380 3840 4524 * 4277 * 2500 1365 175 2252 1893 2794 * 1511 * 4492 4729 2207 141
P: 16 16 32 16 16 32 51 32 32 32 51 32 51 32 32 32 16 16 32 16 51 32 51 16 32 32 32 51 16 16 16 32 32 51 16 32 32 32 32 16 16 32 16 32 32 51 32 16 32 16 32
4
D: 250 1021 1309 1850 2836 4722 2974 3170 3316 * 2354 * 724 932 874 37 477 415 2924 3382 549 2233 778 4543 250 389 3538 181 2973 2155 3438 0 1380 3840 3443 * 1152 * 2500 1365 175 2252 1893 598 3665 1511 2991 954 4729 2207 141
P: 16 16 32 41 16 32 51 32 32 32 41 32 51 41 32 32 41 16 41 16 51 32 51 16 32 32 41 51 41 16 16 32 32 51 41 32 41 32 32 16 16 32 16 41 41 51 41 41 32 16 32
5
D: 250 1021 1309 1850 2836 4722 2974 2494 3316 * 2354 2945 724 932 874 37 477 415 2924 3382 549 2233 778 3814 250 389 3538 181 2973 2155 203 0 1356 3840 1759 * 1152 4834 2500 1365 175 1587 443 598 3312 1511 877 954 1736 1994 141
P: 16 16 32 41 16 32 51 28 32 32 41 28 51 41 32 32 41 16 41 16 51 32 51 28 32 32 41 51 41 16 28 32 28 51 28 32 41 28 32 16 16 28 28 41 28 51 28 41 28 28 32
6
D: 250 1021 1309 1850 2836 1673 2974 2494 2887 1509 2354 2945 724 932 874 37 477 415 2924 3382 549 2233 223 3814 250 389 1378 181 2973 2155 203 0 1356 3840 1759 4785 1152 4834 1725 694 175 1587 443 598 3312 1511 877 954 1736 1952 141
P: 16 16 32 41 16 31 51 28 31 31 41 28 51 41 32 32 41 16 41 16 51 32 31 28 32 32 31 51 41 16 28 32 28 51 28 31 41 28 31 31 16 28 28 41 28 51 28 41 28 31 32
7
D: 250 1021 1309 1850 2836 244 2974 2494 853 1509 2354 1067 724 932 874 37 477 415 459 3382 549 2233 223 3814 250 389 1378 181 2973 2155 203 0 1356 3840 503 1149 1152 4834 1725 694 175 1587 443 598 3312 1511 751 954 924 1952 141
P: 16 16 32 41 16 23 51 28 23 31 41 23 51 41 32 32 41 16 23 16 51 32 31 28 32 32 31 51 41 16 28 32 28 51 23 23 41 28 31 31 16 28 28 41 28 51 23 41 23 31 32
8
D: 250 1021 1309 1850 2836 244 2974 2494 853 1004 2354 1067 560 932 874 37 477 415 459 3382 319 2233 223 3814 250 389 1378 181 2973 2155 203 0 1356 3533 503 1149 1152 4595 1725 694 175 1587 443 598 3312 1227 751 954 924 1952 141
P: 16 16 32 41 16 23 51 28 23 6 41 23 6 41 32 32 41 16 23 16 6 32 31 28 32 32 31 51 41 16 28 32 28 6 23 23 41 6 31 31 16 28 28 41 28 6 23 41 23 31 32
9
D: 250 1021 1309 1400 2836 244 2974 2125 853 1004 2354 1067 560 932 874 37 477 415 459 3382 319 2233 223 3814 250 389 1378 181 1676 2155 203 0 1356 1257 503 1149 1152 4595 1725 694 175 1587 443 598 2854 1227 751 954 924 1952 141
P: 16 16 32 1 16 23 51 1 23 6 41 23 6 41 32 32 41 16 23 16 6 32 31 28 32 32 31 51 1 16 28 32 28 1 23 23 41 6 31 31 16 28 28 41 1 6 23 41 23 31 32
10
D: 250 1021 1309 602 2836 244 2974 2125 853 1004 2266 1067 560 932 874 37 477 415 281 3382 319 2233 223 3814 250 389 1378 181 1291 2155 203 0 728 907 503 1149 1152 4595 1725 694 175 1587 443 598 2854 1227 751 954 924 1952 141
P: 16 16 32 25 16 23 51 1 23 6 25 23 6 41 32 32 41 16 25 16 6 32 31 28 32 32 31 51 25 16 28 32 25 25 23 23 41 6 31 31 16 28 28 41 1 6 23 41 23 31 32
11
D: 250 1021 1309 602 2836 244 2974 2125 586 1004 2266 1067 560 932 874 37 477 415 281 3382 319 2233 223 3814 250 389 1237 181 906 2155 203 0 728 907 503 1149 1152 4398 1725 441 175 1587 443 598 2854 1227 751 954 924 1952 141
P: 16 16 32 25 16 23 51 1 19 6 25 23 6 41 32 32 41 16 25 16 6 32 31 28 32 32 19 51 19 16 28 32 25 25 23 23 41 19 31 19 16 28 28 41 1 6 23 41 23 31 32
12
D: 250 1021 1309 602 2363 244 2974 2125 586 1004 2266 1067 560 932 618 37 477 415 281 3382 319 2233 223 3814 250 389 329 181 906 2155 203 0 728 907 503 1149 1152 4398 1725 441 175 1567 443 598 1276 1227 751 954 924 1952 141
P: 16 16 32 25 21 23 51 1 19 6 25 23 6 41 21 32 41 16 25 16 6 32 31 28 32 32 21 51 19 16 28 32 25 25 23 23 41 19 31 19 16 21 28 41 21 6 23 41 23 31 32
13
D: 250 1021 1309 602 2363 244 2974 939 586 1004 2266 1067 560 932 618 37 477 415 281 2232 319 2233 223 3318 250 389 329 181 906 2155 203 0 728 907 503 1149 1086 3871 1725 441 175 1567 443 598 1276 1227 751 954 924 1952 141
P: 16 16 32 25 21 23 51 27 19 6 25 23 6 41 21 32 41 16 25 27 6 32 31 27 32 32 21 51 19 16 28 32 25 25 23 23 27 27 31 19 16 21 28 41 21 6 23 41 23 31 32
14
D: 250 1021 1309 602 2363 244 2974 939 586 1004 2266 1067 391 932 618 37 477 415 281 2232 319 849 223 3318 250 389 329 181 906 2155 203 0 728 907 503 506 1086 2051 599 441 175 1567 438 598 1276 1227 751 954 924 1952 141
P: 16 16 32 25 21 23 51 27 19 6 25 23 26 41 21 32 41 16 25 27 6 26 31 27 32 32 21 51 19 16 28 32 25 25 23 26 27 26 26 19 16 21 26 41 21 6 23 41 23 31 32
15
D: 250 1021 1309 602 2363 244 2974 939 586 1004 2266 1067 391 932 618 37 477 415 281 2232 319 849 223 3318 250 389 329 181 690 2155 203 0 728 907 503 506 1086 2051 599 441 175 1357 438 598 1276 1227 751 954 924 1952 141
P: 16 16 32 25 21 23 51 27 19 6 25 23 26 41 21 32 41 16 25 27 6 26 31 27 32 32 21 51 13 16 28 32 25 25 23 26 27 26 26 19 16 13 26 41 21 6 23 41 23 31 32
16
D: 250 1021 1309 602 2363 244 2974 939 586 1004 2266 1067 391 932 618 37 477 415 281 2232 319 849 223 2090 250 389 329 181 690 830 203 0 728 907 503 506 1086 2051 599 441 175 1357 438 598 1276 1227 751 954 924 1952 141
P: 16 16 32 25 21 23 51 27 19 6 25 23 26 41 21 32 41 16 25 27 6 26 31 18 32 32 21 51 13 18 28 32 25 25 23 26 27 26 26 19 16 13 26 41 21 6 23 41 23 31 32
17
D: 250 1021 1309 602 782 244 2974 939 586 1004 2266 1067 391 932 618 37 477 415 281 594 319 849 223 2090 250 389 329 181 690 830 203 0 728 907 503 506 1086 1340 599 441 175 1357 438 598 1276 1227 751 954 924 1952 141
P: 16 16 32 25 43 23 51 27 19 6 25 23 26 41 21 32 41 16 25 43 6 26 31 18 32 32 21 51 13 18 28 32 25 25 23 26 27 43 26 19 16 13 26 41 21 6 23 41 23 31 32
18
D: 250 1021 1309 602 782 244 2974 939 586 1004 2266 838 391 932 520 37 477 415 281 594 319 849 223 2090 250 389 329 181 690 830 203 0 728 907 503 506 1086 1340 599 441 175 1357 438 598 1276 1088 751 954 924 1952 141
P: 16 16 32 25 43 23 51 27 19 6 25 40 26 41 40 32 41 16 25 43 6 26 31 18 32 32 21 51 13 18 28 32 25 25 23 26 27 43 26 19 16 13 26 41 21 40 23 41 23 31 32
19
D: 250 1021 1309 602 782 244 2974 939 586 1004 2266 838 391 932 520 37 477 415 281 594 319 624 223 2090 250 389 329 181 690 830 203 0 728 907 503 506 1086 1306 599 441 175 1357 438 598 1276 1088 751 954 924 1952 141
P: 16 16 32 25 43 23 51 27 19 6 25 40 26 41 40 32 41 16 25 43 6 17 31 18 32 32 21 51 13 18 28 32 25 25 23 26 27 17 26 19 16 13 26 41 21 40 23 41 23 31 32
20
D: 250 1021 1309 602 782 244 1267 939 586 1004 2266 838 391 932 520 37 477 415 281 594 319 624 223 2090 250 389 329 181 690 830 203 0 728 907 503 506 1086 1306 599 441 175 1357 438 598 1276 1088 751 954 924 1050 141
P: 16 16 32 25 43 23 35 27 19 6 25 40 26 41 40 32 41 16 25 43 6 17 31 18 32 32 21 51 13 18 28 32 25 25 23 26 27 17 26 19 16 13 26 41 21 40 23 41 23 35 32
21
D: 250 1021 1309 602 782 244 1267 939 586 1004 2266 838 391 932 520 37 477 415 281 594 319 624 223 2090 250 389 329 181 690 830 203 0 728 907 503 506 1086 1306 599 441 175 1357 438 598 1276 1088 751 954 924 1050 141
P: 16 16 32 25 43 23 35 27 19 6 25 40 26 41 40 32 41 16 25 43 6 17 31 18 32 32 21 51 13 18 28 32 25 25 23 26 27 17 26 19 16 13 26 41 21 40 23 41 23 35 32
22
D: 250 1021 1309 602 782 244 1267 939 586 1004 2266 838 391 932 520 37 477 415 281 594 319 624 223 2090 250 389 329 181 690 830 203 0 728 907 503 506 1086 581 599 441 175 1357 438 598 1276 1088 751 954 924 1050 141
P: 16 16 32 25 43 23 35 27 19 6 25 40 26 41 40 32 41 16 25 43 6 17 31 18 32 32 21 51 13 18 28 32 25 25 23 26 27 15 26 19 16 13 26 41 21 40 23 41 23 35 32
23
D: 250 819 1309 602 782 244 1267 939 586 1004 2266 838 391 932 520 37 477 415 281 594 319 624 223 2090 250 389 329 181 690 820 203 0 728 907 503 506 1086 581 599 441 175 1357 438 598 1276 1088 751 954 924 1050 141
P: 16 38 32 25 43 23 35 27 19 6 25 40 26 41 40 32 41 16 25 43 6 17 31 18 32 32 21 51 13 38 28 32 25 25 23 26 27 15 26 19 16 13 26 41 21 40 23 41 23 35 32
24
D: 250 819 1309 602 782 244 1267 939 586 1004 2266 838 391 932 520 37 477 415 281 594 319 624 223 2090 250 389 329 181 690 820 203 0 728 907 503 506 1086 581 599 441 175 1357 438 598 604 1088 751 954 924 1050 141
P: 16 38 32 25 43 23 35 27 19 6 25 40 26 41 40 32 41 16 25 43 6 17 31 18 32 32 21 51 13 38 28 32 25 25 23 26 27 15 26 19 16 13 26 41 9 40 23 41 23 35 32
25
D: 250 819 1309 602 782 244 1267 939 586 1004 2266 838 391 932 520 37 477 415 281 594 319 624 223 2090 250 389 329 181 690 820 203 0 728 907 503 506 1086 581 599 441 175 1357 438 598 604 1088 751 954 924 1050 141
P: 16 38 32 25 43 23 35 27 19 6 25 40 26 41 40 32 41 16 25 43 6 17 31 18 32 32 21 51 13 38 28 32 25 25 23 26 27 15 26 19 16 13 26 41 9 40 23 41 23 35 32
26
D: 250 819 1309 602 782 244 1267 939 586 1004 781 838 391 932 520 37 477 415 281 594 319 624 223 2090 250 389 329 181 690 820 203 0 728 907 503 506 1086 581 599 441 175 1357 438 598 604 1088 751 954 924 1050 141
P: 16 38 32 25 43 23 35 27 19 6 44 40 26 41 40 32 41 16 25 43 6 17 31 18 32 32 21 51 13 38 28 32 25 25 23 26 27 15 26 19 16 13 26 41 9 40 23 41 23 35 32
27
D: 250 819 1309 602 631 244 1267 939 586 1004 781 838 391 932 520 37 477 415 281 594 319 624 223 1759 250 389 329 181 690 820 203 0 728 907 503 506 1086 581 599 441 175 1357 438 598 604 1088 751 954 924 1050 141
P: 16 38 32 25 39 23 35 27 19 6 44 40 26 41 40 32 41 16 25 43 6 17 31 39 32 32 21 51 13 38 28 32 25 25 23 26 27 15 26 19 16 13 26 41 9 40 23 41 23 35 32
28
D: 250 819 1309 602 631 244 1267 939 586 1004 781 838 391 932 520 37 477 415 281 594 319 624 223 1759 250 389 329 181 690 820 203 0 728 907 503 506 1086 581 599 441 175 1357 438 598 604 1088 751 954 924 1050 141
P: 16 38 32 25 39 23 35 27 19 6 44 40 26 41 40 32 41 16 25 43 6 17 31 39 32 32 21 51 13 38 28 32 25 25 23 26 27 15 26 19 16 13 26 41 9 40 23 41 23 35 32
29
D: 250 819 1309 602 631 244 803 939 586 1004 781 838 391 932 520 37 477 415 281 594 319 624 223 1759 250 389 329 181 690 820 203 0 728 907 503 506 1086 581 599 441 175 1357 438 598 604 1088 751 954 924 1050 141
P: 16 38 32 25 39 23 45 27 19 6 44 40 26 41 40 32 41 16 25 43 6 17 31 39 32 32 21 51 13 38 28 32 25 25 23 26 27 15 26 19 16 13 26 41 9 40 23 41 23 35 32
30
D: 250 819 1309 602 631 244 803 939 586 1004 636 838 391 932 520 37 477 415 281 594 319 624 223 1740 250 389 329 181 690 820 203 0 728 907 503 506 1086 581 599 441 175 1357 438 598 604 1088 751 954 924 1050 141
P: 16 38 32 25 39 23 45 27 19 6 22 40 26 41 40 32 41 16 25 43 6 17 31 22 32 32 21 51 13 38 28 32 25 25 23 26 27 15 26 19 16 13 26 41 9 40 23 41 23 35 32
31
D: 250 819 688 602 631 244 803 861 586 1004 636 838 391 784 520 37 477 415 281 594 319 624 223 1740 250 389 329 181 690 820 203 0 728 907 503 506 1086 581 599 441 175 1357 438 598 604 1088 751 954 924 1050 141
P: 16 38 5 25 39 23 45 5 19 6 22 40 26 5 40 32 41 16 25 43 6 17 31 22 32 32 21 51 13 38 28 32 25 25 23 26 27 15 26 19 16 13 26 41 9 40 23 41 23 35 32
32
D: 250 819 688 602 631 244 803 861 586 1004 636 838 391 784 520 37 477 415 281 594 319 624 223 1740 250 389 329 181 690 820 203 0 728 907 503 506 1086 581 599 441 175 1357 438 598 604 1088 751 954 924 1050 141
P: 16 38 5 25 39 23 45 5 19 6 22 40 26 5 40 32 41 16 25 43 6 17 31 22 32 32 21 51 13 38 28 32 25 25 23 26 27 15 26 19 16 13 26 41 9 40 23 41 23 35 32
33
D: 250 819 688 602 631 244 803 861 586 1004 636 838 391 784 520 37 477 415 281 594 319 624 223 1740 250 389 329 181 690 820 203 0 728 907 503 506 1086 581 599 441 175 1357 438 598 604 1088 751 954 924 1050 141
P: 16 38 5 25 39 23 45 5 19 6 22 40 26 5 40 32 41 16 25 43 6 17 31 22 32 32 21 51 13 38 28 32 25 25 23 26 27 15 26 19 16 13 26 41 9 40 23 41 23 35 32
34
D: 250 819 688 602 631 244 803 861 586 1004 636 838 391 784 520 37 477 415 281 594 319 624 223 1740 250 389 329 181 690 820 203 0 728 907 503 506 1086 581 599 441 175 1357 438 598 604 1088 751 954 924 1050 141
P: 16 38 5 25 39 23 45 5 19 6 22 40 26 5 40 32 41 16 25 43 6 17 31 22 32 32 21 51 13 38 28 32 25 25 23 26 27 15 26 19 16 13 26 41 9 40 23 41 23 35 32
35
D: 250 819 688 602 631 244 803 861 586 1004 636 838 391 784 520 37 477 415 281 594 319 624 223 1740 250 389 329 181 690 820 203 0 728 907 503 506 1086 581 599 441 175 1357 438 598 604 1088 751 954 924 1050 141
P: 16 38 5 25 39 23 45 5 19 6 22 40 26 5 40 32 41 16 25 43 6 17 31 22 32 32 21 51 13 38 28 32 25 25 23 26 27 15 26 19 16 13 26 41 9 40 23 41 23 35 32
36
D: 250 819 688 602 631 244 803 861 586 852 636 838 391 784 520 37 477 415 281 594 319 624 223 1740 250 389 329 181 690 820 203 0 728 907 503 506 1086 581 599 441 175 1357 438 598 604 1088 751 954 924 1050 141
P: 16 38 5 25 39 23 45 5 19 47 22 40 26 5 40 32 41 16 25 43 6 17 31 22 32 32 21 51 13 38 28 32 25 25 23 26 27 15 26 19 16 13 26 41 9 40 23 41 23 35 32
37
D: 250 819 688 602 631 244 803 861 586 852 636 838 391 784 520 37 477 415 281 594 319 624 223 1740 250 389 329 181 690 820 203 0 728 907 503 506 1086 581 599 441 175 804 438 598 604 1073 751 954 924 1050 141
P: 16 38 5 25 39 23 45 5 19 47 22 40 26 5 40 32 41 16 25 43 6 17 31 22 32 32 21 51 13 38 28 32 25 25 23 26 27 15 26 19 16 14 26 41 9 14 23 41 23 35 32
38
D: 250 819 688 602 631 244 803 861 586 852 636 838 391 784 520 37 477 415 281 594 319 624 223 1740 250 389 329 181 690 820 203 0 728 907 503 506 1086 581 599 441 175 804 438 598 604 1073 751 954 924 1050 141
P: 16 38 5 25 39 23 45 5 19 47 22 40 26 5 40 32 41 16 25 43 6 17 31 22 32 32 21 51 13 38 28 32 25 25 23 26 27 15 26 19 16 14 26 41 9 14 23 41 23 35 32
39
D: 250 819 688 602 631 244 803 861 586 852 636 838 391 784 520 37 477 415 281 594 319 624 223 1117 250 389 329 181 690 820 203 0 728 804 503 506 1086 581 599 441 175 804 438 598 604 1073 751 954 924 1050 141
P: 16 38 5 25 39 23 45 5 19 47 22 40 26 5 40 32 41 16 25 43 6 17 31 42 32 32 21 51 13 38 28 32 25 42 23 26 27 15 26 19 16 14 26 41 9 14 23 41 23 35 32
40
D: 250 819 688 602 631 244 803 861 586 852 636 838 391 784 520 37 477 415 281 594 319 624 223 1117 250 389 329 181 690 820 203 0 728 804 503 506 1086 581 599 441 175 804 438 598 604 1073 751 954 924 1050 141
P: 16 38 5 25 39 23 45 5 19 47 22 40 26 5 40 32 41 16 25 43 6 17 31 42 32 32 21 51 13 38 28 32 25 42 23 26 27 15 26 19 16 14 26 41 9 14 23 41 23 35 32
41
D: 250 819 688 602 631 244 803 861 586 852 636 838 391 784 520 37 477 415 281 594 319 624 223 1117 250 389 329 181 690 820 203 0 728 804 503 506 1086 581 599 441 175 804 438 598 604 1073 751 954 924 1050 141
P: 16 38 5 25 39 23 45 5 19 47 22 40 26 5 40 32 41 16 25 43 6 17 31 42 32 32 21 51 13 38 28 32 25 42 23 26 27 15 26 19 16 14 26 41 9 14 23 41 23 35 32
42
D: 250 819 688 602 631 244 803 861 586 852 636 838 391 784 520 37 477 415 281 594 319 624 223 1117 250 389 329 181 690 820 203 0 728 804 503 506 859 581 599 441 175 804 438 598 604 1044 751 954 924 1050 141
P: 16 38 5 25 39 23 45 5 19 47 22 40 26 5 40 32 41 16 25 43 6 17 31 42 32 32 21 51 13 38 28 32 25 42 23 26 30 15 26 19 16 14 26 41 9 30 23 41 23 35 32
43
D: 250 819 688 602 631 244 803 861 586 852 636 838 391 784 520 37 477 415 281 594 319 624 223 1117 250 389 329 181 690 820 203 0 728 804 503 506 859 581 599 441 175 804 438 598 604 1044 751 954 924 1050 141
P: 16 38 5 25 39 23 45 5 19 47 22 40 26 5 40 32 41 16 25 43 6 17 31 42 32 32 21 51 13 38 28 32 25 42 23 26 30 15 26 19 16 14 26 41 9 30 23 41 23 35 32
44
D: 250 819 688 602 631 244 803 861 586 852 636 838 391 784 520 37 477 415 281 594 319 624 223 1117 250 389 329 181 690 820 203 0 728 804 503 506 859 581 599 441 175 804 438 598 604 1044 751 954 924 1050 141
P: 16 38 5 25 39 23 45 5 19 47 22 40 26 5 40 32 41 16 25 43 6 17 31 42 32 32 21 51 13 38 28 32 25 42 23 26 30 15 26 19 16 14 26 41 9 30 23 41 23 35 32
45
D: 250 819 688 602 631 244 803 861 586 852 636 838 391 784 520 37 477 415 281 594 319 624 223 1117 250 389 329 181 690 820 203 0 728 804 503 506 859 581 599 441 175 804 438 598 604 1044 751 954 924 1050 141
P: 16 38 5 25 39 23 45 5 19 47 22 40 26 5 40 32 41 16 25 43 6 17 31 42 32 32 21 51 13 38 28 32 25 42 23 26 30 15 26 19 16 14 26 41 9 30 23 41 23 35 32
46
D: 250 819 688 602 631 244 803 861 586 852 636 838 391 784 520 37 477 415 281 594 319 624 223 1117 250 389 329 181 690 820 203 0 728 804 503 506 859 581 599 441 175 804 438 598 604 1044 751 954 924 1050 141
P: 16 38 5 25 39 23 45 5 19 47 22 40 26 5 40 32 41 16 25 43 6 17 31 42 32 32 21 51 13 38 28 32 25 42 23 26 30 15 26 19 16 14 26 41 9 30 23 41 23 35 32
47
D: 250 819 688 602 631 244 803 861 586 852 636 838 391 784 520 37 477 415 281 594 319 624 223 1117 250 389 329 181 690 820 203 0 728 804 503 506 859 581 599 441 175 804 438 598 604 1044 751 954 924 1050 141
P: 16 38 5 25 39 23 45 5 19 47 22 40 26 5 40 32 41 16 25 43 6 17 31 42 32 32 21 51 13 38 28 32 25 42 23 26 30 15 26 19 16 14 26 41 9 30 23 41 23 35 32
48
D: 250 819 688 602 631 244 803 861 586 852 636 838 391 784 520 37 477 415 281 594 319 624 223 1117 250 389 329 181 690 820 203 0 728 804 503 506 859 581 599 441 175 804 438 598 604 1016 751 954 924 1050 141
P: 16 38 5 25 39 23 45 5 19 47 22 40 26 5 40 32 41 16 25 43 6 17 31 42 32 32 21 51 13 38 28 32 25 42 23 26 30 15 26 19 16 14 26 41 9 48 23 41 23 35 32
49
D: 250 819 688 602 631 244 803 861 586 852 636 838 391 784 520 37 477 415 281 594 319 624 223 1117 250 389 329 181 690 820 203 0 728 804 503 506 859 581 599 441 175 804 438 598 604 1016 751 954 924 1050 141
P: 16 38 5 25 39 23 45 5 19 47 22 40 26 5 40 32 41 16 25 43 6 17 31 42 32 32 21 51 13 38 28 32 25 42 23 26 30 15 26 19 16 14 26 41 9 48 23 41 23 35 32
50
D: 250 819 688 602 631 244 803 861 586 852 636 838 391 784 520 37 477 415 281 594 319 624 223 1117 250 389 329 181 690 820 203 0 728 804 503 506 859 581 599 441 175 804 438 598 604 1016 751 954 924 1050 141
P: 16 38 5 25 39 23 45 5 19 47 22 40 26 5 40 32 41 16 25 43 6 17 31 42 32 32 21 51 13 38 28 32 25 42 23 26 30 15 26 19 16 14 26 41 9 48 23 41 23 35 32
